<?xml version="1.0" encoding="UTF-8"?>
<testsuite name="Como usuario deseo ingresa a la pagina correctamente" tests="1" skipped="0" failures="0" errors="0" timestamp="2022-05-05T03:09:26" hostname="DESKTOP-FJ634HR" time="11.698">
  <properties/>
  <testcase name="Validar el ingreso a la aplicacion correctamente" classname="Como usuario deseo ingresa a la pagina correctamente" time="11.698"/>
  <system-out><![CDATA[Implementa-------------------OWAPZAP
]]></system-out>
  <system-err><![CDATA[1438 [Test worker] INFO io.cucumber.core.plugin.SerenityReporter - Running feature from file:///E:/Inteliij/Pruebagitactions/src/test/resources/features/prueba2.feature
1610 [Test worker] INFO  - 
  _____   ___   ___   _____     ___   _____     _     ___   _____   ___   ___  
 |_   _| | __| / __| |_   _|   / __| |_   _|   /_\   | _ \ |_   _| | __| |   \ 
   | |   | _|  \__ \   | |     \__ \   | |    / _ \  |   /   | |   | _|  | |) |
   |_|   |___| |___/   |_|     |___/   |_|   /_/ \_\ |_|_\   |_|   |___| |___/ 

Validar el ingreso a la aplicacion correctamente(como-usuario-deseo-ingresa-a-la-pagina-correctamente;validar-el-ingreso-a-la-aplicacion-correctamente)
--------------------------------------------------------------------------------
Starting ChromeDriver 100.0.4896.60 (6a5d10861ce8de5fce22564658033b43cb7de047-refs/branch-heads/4896@{#875}) on port 55528
Only local connections are allowed.
Please see https://chromedriver.chromium.org/security-considerations for suggestions on keeping ChromeDriver safe.
ChromeDriver was started successfully.
[1651720169.887][WARNING]: This version of ChromeDriver has not been tested with Chrome version 101.
may 04, 2022 10:09:29 PM org.openqa.selenium.remote.ProtocolHandshake createSession
INFORMACIÓN: Detected dialect: W3C
may 04, 2022 10:09:30 PM org.openqa.selenium.devtools.CdpVersionFinder findNearestMatch
ADVERTENCIA: Unable to find an exact match for CDP version 101, so returning the closest version found: 97
may 04, 2022 10:09:30 PM org.openqa.selenium.devtools.CdpVersionFinder findNearestMatch
INFORMACIÓN: Found CDP implementation for version 101 of 97
11583 [Test worker] INFO  - 
  _____   ___   ___   _____     ___     _     ___   ___   ___   ___  
 |_   _| | __| / __| |_   _|   | _ \   /_\   / __| / __| | __| |   \ 
   | |   | _|  \__ \   | |     |  _/  / _ \  \__ \ \__ \ | _|  | |) |
   |_|   |___| |___/   |_|     |_|   /_/ \_\ |___/ |___/ |___| |___/ 

Validar el ingreso a la aplicacion correctamente
----------------------------------------------------------------------
]]></system-err>
</testsuite>
